-------------------------------------------------------------------------------
Test set: TestSuite
-------------------------------------------------------------------------------
Tests run: 3, Failures: 1, Errors: 0, Skipped: 0, Time elapsed: 10.279 s <<< FAILURE! - in TestSuite
NotEqual(Lazada_Test.TestSuite)  Time elapsed: 0.01 s  <<< FAILURE!
java.lang.AssertionError: expected [2] but found [1]
	at Lazada_Test.TestSuite.NotEqual(TestSuite.java:42)

