<?xml version="1.0" encoding="UTF-8"?>
<testsuite xmlns:xsi="http://www.w3.org/2001/XMLSchema-instance" xsi:noNamespaceSchemaLocation="https://maven.apache.org/surefire/maven-surefire-plugin/xsd/surefire-test-report.xsd" name="TestSuite" time="10.279" tests="3" errors="0" skipped="0" failures="1">
  <properties>
[...]
</properties>
  <testcase name="Equal" classname="Lazada_Test.TestSuite" time="0.007"/>
  <testcase name="NotEqual" classname="Lazada_Test.TestSuite" time="0.01">
    <failure message="expected [2] but found [1]" type="java.lang.AssertionError">java.lang.AssertionError: expected [2] but found [1]
	at Lazada_Test.TestSuite.NotEqual(TestSuite.java:42)
</failure>
  </testcase>
  <testcase name="openWeb" classname="Lazada_Test.TestSuite" time="9.898"/>
</testsuite>